<?xml version="1.0" encoding="utf-8"?><testsuites name="pytest tests"><testsuite name="pytest" errors="0" failures="0" skipped="0" tests="9" time="5.313" timestamp="2026-03-06T10:55:10.888978+00:00" hostname="agent-env-e6ad6ada-1826-44b9-ae2c-73bf1640dfb9"><testcase classname="backend.tests.test_school_dashboard_batch.TestTrainingCoursesEndpoints" name="test_training_courses_list_200" time="0.469" /><testcase classname="backend.tests.test_school_dashboard_batch.TestTrainingCoursesEndpoints" name="test_training_course_detail_200" time="0.566" /><testcase classname="backend.tests.test_school_dashboard_batch.TestTrainingCoursesEndpoints" name="test_save_interest_200" time="0.440" /><testcase classname="backend.tests.test_school_dashboard_batch.TestTrainingCoursesEndpoints" name="test_interest_persists_in_detail" time="0.547" /><testcase classname="backend.tests.test_school_dashboard_batch.TestAdminSummaryEndpoints" name="test_admin_summary_200" time="0.476" /><testcase classname="backend.tests.test_school_dashboard_batch.TestAdminSummaryEndpoints" name="test_admin_summary_includes_prospects" time="0.854" /><testcase classname="backend.tests.test_school_dashboard_batch.TestAdminSummaryEndpoints" name="test_admin_update_interest_status" time="0.877" /><testcase classname="backend.tests.test_school_dashboard_batch.TestUserAdminDeepLink" name="test_admin_users_list" time="0.461" /><testcase classname="backend.tests.test_school_dashboard_batch.TestUserAdminDeepLink" name="test_admin_user_details" time="0.570" /></testsuite></testsuites>