<?xml version="1.0" encoding="utf-8"?><testsuites name="pytest tests"><testsuite name="pytest" errors="0" failures="0" skipped="0" tests="12" time="6.456" timestamp="2026-03-05T09:43:04.434315+00:00" hostname="agent-env-62e32704-5e18-4495-96cb-c83825aaf9a9"><testcase classname="backend.tests.test_ux_features.TestAuthenticationFlow" name="test_login_with_test_user" time="0.495" /><testcase classname="backend.tests.test_ux_features.TestAuthenticationFlow" name="test_login_with_admin" time="0.332" /><testcase classname="backend.tests.test_ux_features.TestSetupReadiness" name="test_readiness_endpoint_returns_expected_fields" time="0.447" /><testcase classname="backend.tests.test_ux_features.TestSetupReadiness" name="test_readiness_counts_match_actual_data" time="0.742" /><testcase classname="backend.tests.test_ux_features.TestAgentsPreset" name="test_apply_veloce_preset" time="0.474" /><testcase classname="backend.tests.test_ux_features.TestAgentsPreset" name="test_apply_standard_preset" time="0.426" /><testcase classname="backend.tests.test_ux_features.TestAgentsPreset" name="test_apply_alta_qualita_preset" time="0.429" /><testcase classname="backend.tests.test_ux_features.TestAgentsToggle" name="test_toggle_agent_on_off" time="0.814" /><testcase classname="backend.tests.test_ux_features.TestCourseClone" name="test_clone_course_creates_copy" time="0.746" /><testcase classname="backend.tests.test_ux_features.TestCourseClone" name="test_clone_nonexistent_course_returns_404" time="0.489" /><testcase classname="backend.tests.test_ux_features.TestAgentsList" name="test_agents_list_returns_10_agents" time="0.451" /><testcase classname="backend.tests.test_ux_features.TestPlanningRulesAPI" name="test_create_base_rule" time="0.530" /></testsuite></testsuites>