<?xml version="1.0" encoding="utf-8"?><testsuites name="pytest tests"><testsuite name="pytest" errors="0" failures="0" skipped="0" tests="27" time="15.490" timestamp="2026-03-05T10:17:28.559243+00:00" hostname="agent-env-62e32704-5e18-4495-96cb-c83825aaf9a9"><testcase classname="tests.test_community_features.TestAuthRoleSystem" name="test_register_assigns_user_role_by_default" time="0.484" /><testcase classname="tests.test_community_features.TestAuthRoleSystem" name="test_login_returns_correct_user_data_with_role" time="0.369" /><testcase classname="tests.test_community_features.TestAuthRoleSystem" name="test_login_editor_user" time="0.441" /><testcase classname="tests.test_community_features.TestCommunityDashboard" name="test_dashboard_returns_expected_fields" time="0.427" /><testcase classname="tests.test_community_features.TestCommunityDashboard" name="test_dashboard_banners_are_list" time="0.442" /><testcase classname="tests.test_community_features.TestOnboarding" name="test_profile_returns_onboarded_false_for_new_user" time="0.430" /><testcase classname="tests.test_community_features.TestOnboarding" name="test_save_onboarding_profile" time="0.633" /><testcase classname="tests.test_community_features.TestFeed" name="test_get_feed_returns_enriched_posts" time="0.423" /><testcase classname="tests.test_community_features.TestFeed" name="test_create_post_returns_enriched_post" time="0.503" /><testcase classname="tests.test_community_features.TestFeed" name="test_create_post_empty_content_fails" time="0.432" /><testcase classname="tests.test_community_features.TestFeed" name="test_toggle_like" time="0.699" /><testcase classname="tests.test_community_features.TestFeed" name="test_add_comment_with_author" time="0.558" /><testcase classname="tests.test_community_features.TestFeed" name="test_delete_post_soft_deletes" time="0.532" /><testcase classname="tests.test_community_features.TestFeed" name="test_admin_can_delete_any_post" time="0.869" /><testcase classname="tests.test_community_features.TestFeed" name="test_delete_comment_soft_deletes" time="0.670" /><testcase classname="tests.test_community_features.TestBanners" name="test_get_banners_filtered_for_user" time="0.434" /><testcase classname="tests.test_community_features.TestBanners" name="test_get_all_banners_admin_only" time="0.869" /><testcase classname="tests.test_community_features.TestBanners" name="test_create_banner_admin_editor" time="0.437" /><testcase classname="tests.test_community_features.TestBanners" name="test_update_banner" time="0.548" /><testcase classname="tests.test_community_features.TestBanners" name="test_delete_banner_admin_only" time="0.540" /><testcase classname="tests.test_community_features.TestCommunityEvents" name="test_get_upcoming_events" time="0.434" /><testcase classname="tests.test_community_features.TestAdminUserManagement" name="test_list_users_returns_enriched_data" time="0.448" /><testcase classname="tests.test_community_features.TestAdminUserManagement" name="test_change_role_admin_only" time="0.898" /><testcase classname="tests.test_community_features.TestAdminUserManagement" name="test_change_role_invalid_role_fails" time="0.754" /><testcase classname="tests.test_community_features.TestAdminUserManagement" name="test_toggle_suspend" time="0.867" /><testcase classname="tests.test_community_features.TestAdminUserManagement" name="test_remove_user_content" time="0.773" /><testcase classname="tests.test_community_features.TestAdminUserManagement" name="test_non_admin_cannot_change_roles" time="0.470" /></testsuite></testsuites>