<?xml version="1.0" encoding="utf-8"?><testsuites name="pytest tests"><testsuite name="pytest" errors="0" failures="0" skipped="0" tests="26" time="6.444" timestamp="2026-07-04T19:15:40.915299+00:00" hostname="agent-env-8aaadda8-8ed7-46ab-99a0-b556ddb7c14e"><testcase classname="backend.tests.test_session2_4_features.TestAuthAndSetup" name="test_admin_login" time="0.426" /><testcase classname="backend.tests.test_session2_4_features.TestAuthAndSetup" name="test_admin_me_endpoint" time="0.159" /><testcase classname="backend.tests.test_session2_4_features.TestProfilePage" name="test_get_user_details_empty" time="0.437" /><testcase classname="backend.tests.test_session2_4_features.TestProfilePage" name="test_save_user_details" time="0.116" /><testcase classname="backend.tests.test_session2_4_features.TestProfilePage" name="test_get_user_details_after_save" time="0.106" /><testcase classname="backend.tests.test_session2_4_features.TestMyEnrollmentsPage" name="test_get_my_enrollments" time="0.482" /><testcase classname="backend.tests.test_session2_4_features.TestMyEnrollmentsPage" name="test_get_my_payments" time="0.103" /><testcase classname="backend.tests.test_session2_4_features.TestEnrollmentWizard" name="test_create_enrollment" time="0.444" /><testcase classname="backend.tests.test_session2_4_features.TestEnrollmentWizard" name="test_get_enrollment" time="0.205" /><testcase classname="backend.tests.test_session2_4_features.TestEnrollmentWizard" name="test_update_enrollment" time="0.210" /><testcase classname="backend.tests.test_session2_4_features.TestEnrollmentWizard" name="test_save_enrollment_contract" time="0.242" /><testcase classname="backend.tests.test_session2_4_features.TestAdminEnrollmentsPage" name="test_admin_enrollment_pipeline" time="0.443" /><testcase classname="backend.tests.test_session2_4_features.TestAdminEnrollmentsPage" name="test_admin_payment_overview" time="0.105" /><testcase classname="backend.tests.test_session2_4_features.TestAdminEnrollmentsPage" name="test_admin_list_installments" time="0.101" /><testcase classname="backend.tests.test_session2_4_features.TestAdminEnrollmentsPage" name="test_admin_create_installment" time="0.224" /><testcase classname="backend.tests.test_session2_4_features.TestTrainingCourses" name="test_list_training_courses" time="0.442" /><testcase classname="backend.tests.test_session2_4_features.TestTrainingCourses" name="test_get_training_course_detail" time="0.105" /><testcase classname="backend.tests.test_session2_4_features.TestTrainingCourses" name="test_get_training_course_admin_summary" time="0.109" /><testcase classname="backend.tests.test_session2_4_features.TestTrainingCourses" name="test_save_training_course_interest" time="0.103" /><testcase classname="backend.tests.test_session2_4_features.TestAdminCommsPage" name="test_list_inbox_threads" time="0.418" /><testcase classname="backend.tests.test_session2_4_features.TestAdminCommsPage" name="test_list_routing_rules" time="0.123" /><testcase classname="backend.tests.test_session2_4_features.TestAdminCommsPage" name="test_list_email_templates" time="0.143" /><testcase classname="backend.tests.test_session2_4_features.TestCommunityDashboard" name="test_community_dashboard" time="0.435" /><testcase classname="backend.tests.test_session2_4_features.TestCommunityDashboard" name="test_admin_users_list" time="0.103" /><testcase classname="backend.tests.test_session2_4_features.TestCohortOperations" name="test_list_cohorts" time="0.451" /><testcase classname="backend.tests.test_session2_4_features.TestCohortOperations" name="test_create_cohort" time="0.111" /></testsuite></testsuites>