<?xml version="1.0" encoding="utf-8"?><testsuites name="pytest tests"><testsuite name="pytest" errors="0" failures="0" skipped="0" tests="13" time="6.462" timestamp="2026-03-06T12:46:17.877012+00:00" hostname="agent-env-8aaadda8-8ed7-46ab-99a0-b556ddb7c14e"><testcase classname="backend.tests.test_school_dashboard_buffer.TestAuth" name="test_login_editor" time="0.374" /><testcase classname="backend.tests.test_school_dashboard_buffer.TestAuth" name="test_login_admin" time="0.326" /><testcase classname="backend.tests.test_school_dashboard_buffer.TestCommunityDashboard" name="test_dashboard_returns_upcoming_events" time="0.444" /><testcase classname="backend.tests.test_school_dashboard_buffer.TestCommunityDashboard" name="test_upcoming_events_have_course_id" time="0.458" /><testcase classname="backend.tests.test_school_dashboard_buffer.TestCommunityDashboard" name="test_upcoming_events_have_user_interest" time="0.445" /><testcase classname="backend.tests.test_school_dashboard_buffer.TestCommunityDashboard" name="test_dashboard_returns_banners" time="0.440" /><testcase classname="backend.tests.test_school_dashboard_buffer.TestCommunityDashboard" name="test_dashboard_returns_recent_posts" time="0.430" /><testcase classname="backend.tests.test_school_dashboard_buffer.TestBufferIntegration" name="test_buffer_profiles_endpoint" time="0.841" /><testcase classname="backend.tests.test_school_dashboard_buffer.TestBufferIntegration" name="test_buffer_profiles_contains_emanuele_casero" time="0.882" /><testcase classname="backend.tests.test_school_dashboard_buffer.TestBufferIntegration" name="test_social_profile_linked_to_buffer" time="0.436" /><testcase classname="backend.tests.test_school_dashboard_buffer.TestBufferIntegration" name="test_previously_published_buffer_post" time="0.450" /><testcase classname="backend.tests.test_school_dashboard_buffer.TestSocialProfiles" name="test_list_social_profiles" time="0.449" /><testcase classname="backend.tests.test_school_dashboard_buffer.TestSocialProfiles" name="test_profile_structure" time="0.421" /></testsuite></testsuites>