<?xml version="1.0" encoding="utf-8"?><testsuites name="pytest tests"><testsuite name="pytest" errors="0" failures="0" skipped="0" tests="12" time="6.802" timestamp="2026-03-06T08:29:54.863049+00:00" hostname="agent-env-e6ad6ada-1826-44b9-ae2c-73bf1640dfb9"><testcase classname="tests.test_training_courses.TestRoleBasedAccess" name="test_regular_user_cannot_access_courses_events" time="0.569" /><testcase classname="tests.test_training_courses.TestRoleBasedAccess" name="test_regular_user_cannot_access_repository_files" time="0.431" /><testcase classname="tests.test_training_courses.TestRoleBasedAccess" name="test_regular_user_can_access_training_courses" time="0.436" /><testcase classname="tests.test_training_courses.TestRoleBasedAccess" name="test_editor_can_access_courses_events" time="0.427" /><testcase classname="tests.test_training_courses.TestRoleBasedAccess" name="test_editor_can_access_repository_files" time="0.433" /><testcase classname="tests.test_training_courses.TestTrainingCoursesOperations" name="test_list_cohorts" time="0.424" /><testcase classname="tests.test_training_courses.TestTrainingCoursesOperations" name="test_create_cohort_with_course_id" time="0.528" /><testcase classname="tests.test_training_courses.TestTrainingCoursesOperations" name="test_add_member_with_participation_status" time="0.860" /><testcase classname="tests.test_training_courses.TestTrainingCoursesOperations" name="test_update_member_participation_status" time="0.855" /><testcase classname="tests.test_training_courses.TestTrainingCoursesOperations" name="test_bulk_create_installments" time="0.912" /><testcase classname="tests.test_training_courses.TestTrainingCoursesOperations" name="test_payment_overview" time="0.435" /><testcase classname="tests.test_training_courses.TestTrainingCoursesCatalog" name="test_training_courses_structure" time="0.427" /></testsuite></testsuites>