<?xml version="1.0" encoding="utf-8"?><testsuites name="pytest tests"><testsuite name="pytest" errors="0" failures="0" skipped="0" tests="17" time="5.788" timestamp="2026-03-05T18:20:31.586485+00:00" hostname="agent-env-8701eb9a-42a7-4898-bdae-d76d6170c0c6"><testcase classname="backend.tests.test_batch3_features.TestAuth" name="test_login_admin" time="0.508" /><testcase classname="backend.tests.test_batch3_features.TestAuth" name="test_register_email_only" time="0.350" /><testcase classname="backend.tests.test_batch3_features.TestAsyncJobSystem" name="test_start_texts_job" time="0.795" /><testcase classname="backend.tests.test_batch3_features.TestAsyncJobSystem" name="test_poll_job_status" time="0.503" /><testcase classname="backend.tests.test_batch3_features.TestAsyncJobSystem" name="test_job_not_found" time="0.135" /><testcase classname="backend.tests.test_batch3_features.TestCourseCatalog" name="test_get_catalog_seeds_courses" time="0.116" /><testcase classname="backend.tests.test_batch3_features.TestCourseCatalog" name="test_update_course_progress" time="0.431" /><testcase classname="backend.tests.test_batch3_features.TestUserDetails" name="test_admin_get_user_details" time="0.474" /><testcase classname="backend.tests.test_batch3_features.TestUserDetails" name="test_admin_save_user_details" time="0.421" /><testcase classname="backend.tests.test_batch3_features.TestPaymentInstallments" name="test_create_installment" time="0.274" /><testcase classname="backend.tests.test_batch3_features.TestPaymentInstallments" name="test_update_installment" time="0.554" /><testcase classname="backend.tests.test_batch3_features.TestPaymentInstallments" name="test_delete_installment" time="0.462" /><testcase classname="backend.tests.test_batch3_features.TestPaymentInstallments" name="test_list_all_installments" time="0.149" /><testcase classname="backend.tests.test_batch3_features.TestCommunityDashboard" name="test_dashboard_has_community_members" time="0.124" /><testcase classname="backend.tests.test_batch3_features.TestSidebarAndThemes" name="test_auth_me_returns_role" time="0.161" /><testcase classname="backend.tests.test_batch3_features.TestFeedImageUpload" name="test_feed_list_works" time="0.126" /><testcase classname="backend.tests.test_batch3_features.TestCleanup" name="test_cleanup_test_campaigns" time="0.118" /></testsuite></testsuites>