<?xml version="1.0" encoding="utf-8"?><testsuites name="pytest tests"><testsuite name="pytest" errors="0" failures="0" skipped="0" tests="7" time="3.504" timestamp="2026-03-11T21:42:55.789559+00:00" hostname="agent-env-8aaadda8-8ed7-46ab-99a0-b556ddb7c14e"><testcase classname="backend.tests.test_iteration15_features.TestAuthFlow" name="test_admin_login" time="0.480" /><testcase classname="backend.tests.test_iteration15_features.TestGmailIntegration" name="test_gmail_status_returns_correct_structure" time="0.575" /><testcase classname="backend.tests.test_iteration15_features.TestGmailIntegration" name="test_gmail_connect_returns_400_when_not_configured" time="0.434" /><testcase classname="backend.tests.test_iteration15_features.TestCommunityDashboard" name="test_dashboard_returns_upcoming_events_with_required_fields" time="0.504" /><testcase classname="backend.tests.test_iteration15_features.TestPaymentOverviewEndpoint" name="test_payment_overview_returns_rows_for_csv" time="0.524" /><testcase classname="backend.tests.test_iteration15_features.TestInboxThreadsAPI" name="test_inbox_threads_list" time="0.443" /><testcase classname="backend.tests.test_iteration15_features.TestTrainingCoursesAPI" name="test_training_courses_list" time="0.483" /></testsuite></testsuites>