<?xml version="1.0" encoding="utf-8"?><testsuites name="pytest tests"><testsuite name="pytest" errors="0" failures="0" skipped="0" tests="19" time="2.806" timestamp="2026-07-04T21:19:44.651904+00:00" hostname="agent-env-8aaadda8-8ed7-46ab-99a0-b556ddb7c14e"><testcase classname="backend.tests.test_ux_improvements_iter20.TestEventSeedData" name="test_events_endpoint_returns_200" time="0.555" /><testcase classname="backend.tests.test_ux_improvements_iter20.TestEventSeedData" name="test_events_count_is_3" time="0.106" /><testcase classname="backend.tests.test_ux_improvements_iter20.TestEventSeedData" name="test_core_quadrant_pro_training_exists" time="0.101" /><testcase classname="backend.tests.test_ux_improvements_iter20.TestEventSeedData" name="test_presentazione_percorsi_formativi_exists" time="0.106" /><testcase classname="backend.tests.test_ux_improvements_iter20.TestEventSeedData" name="test_atelier_apericoaching_exists" time="0.100" /><testcase classname="backend.tests.test_ux_improvements_iter20.TestEventSeedData" name="test_old_events_do_not_exist" time="0.103" /><testcase classname="backend.tests.test_ux_improvements_iter20.TestCommunityDashboard" name="test_dashboard_returns_200" time="0.141" /><testcase classname="backend.tests.test_ux_improvements_iter20.TestCommunityDashboard" name="test_dashboard_returns_user_course_interests" time="0.109" /><testcase classname="backend.tests.test_ux_improvements_iter20.TestCommunityDashboard" name="test_dashboard_returns_upcoming_events" time="0.102" /><testcase classname="backend.tests.test_ux_improvements_iter20.TestCommunityDashboard" name="test_dashboard_upcoming_events_include_recurring" time="0.104" /><testcase classname="backend.tests.test_ux_improvements_iter20.TestTrainingCourses" name="test_training_courses_returns_200" time="0.109" /><testcase classname="backend.tests.test_ux_improvements_iter20.TestTrainingCourses" name="test_training_courses_have_prerequisites_field" time="0.115" /><testcase classname="backend.tests.test_ux_improvements_iter20.TestTrainingCourses" name="test_core_coaching_has_no_prerequisites" time="0.104" /><testcase classname="backend.tests.test_ux_improvements_iter20.TestTrainingCourses" name="test_pcc_course_has_prerequisites" time="0.112" /><testcase classname="backend.tests.test_ux_improvements_iter20.TestEnrollmentsEndpoint" name="test_my_enrollments_returns_200" time="0.150" /><testcase classname="backend.tests.test_ux_improvements_iter20.TestEnrollmentsEndpoint" name="test_my_enrollments_returns_list" time="0.144" /><testcase classname="backend.tests.test_ux_improvements_iter20.TestUserDetailsEndpoint" name="test_user_details_returns_200" time="0.103" /><testcase classname="backend.tests.test_ux_improvements_iter20.TestUserDetailsEndpoint" name="test_user_details_returns_user_id" time="0.110" /><testcase classname="backend.tests.test_ux_improvements_iter20.TestCourseInterestEndpoint" name="test_save_interest_returns_200" time="0.249" /></testsuite></testsuites>