<?xml version="1.0" encoding="utf-8"?><testsuites name="pytest tests"><testsuite name="pytest" errors="0" failures="0" skipped="0" tests="35" time="52.505" timestamp="2026-03-05T13:17:35.739470+00:00" hostname="agent-env-62e32704-5e18-4495-96cb-c83825aaf9a9"><testcase classname="backend.tests.test_phase2_phase3.TestInboxRules" name="test_list_rules" time="0.596" /><testcase classname="backend.tests.test_phase2_phase3.TestInboxRules" name="test_create_rule" time="0.222" /><testcase classname="backend.tests.test_phase2_phase3.TestInboxRules" name="test_update_rule" time="0.364" /><testcase classname="backend.tests.test_phase2_phase3.TestInboxRules" name="test_toggle_rule" time="0.350" /><testcase classname="backend.tests.test_phase2_phase3.TestInboxRules" name="test_delete_rule" time="0.222" /><testcase classname="backend.tests.test_phase2_phase3.TestInboxTemplates" name="test_list_templates" time="0.106" /><testcase classname="backend.tests.test_phase2_phase3.TestInboxTemplates" name="test_create_template" time="0.271" /><testcase classname="backend.tests.test_phase2_phase3.TestInboxTemplates" name="test_update_template" time="0.365" /><testcase classname="backend.tests.test_phase2_phase3.TestInboxThreads" name="test_import_thread_with_auto_classification" time="0.152" /><testcase classname="backend.tests.test_phase2_phase3.TestInboxThreads" name="test_list_threads_all_views" time="0.436" /><testcase classname="backend.tests.test_phase2_phase3.TestInboxThreads" name="test_get_thread_detail" time="0.221" /><testcase classname="backend.tests.test_phase2_phase3.TestInboxThreads" name="test_assign_thread" time="0.345" /><testcase classname="backend.tests.test_phase2_phase3.TestInboxThreads" name="test_update_thread_status" time="0.226" /><testcase classname="backend.tests.test_phase2_phase3.TestInboxThreads" name="test_archive_thread" time="0.326" /><testcase classname="backend.tests.test_phase2_phase3.TestInboxDraftWorkflow" name="test_generate_draft_ai" time="11.788" /><testcase classname="backend.tests.test_phase2_phase3.TestInboxDraftWorkflow" name="test_update_draft" time="9.114" /><testcase classname="backend.tests.test_phase2_phase3.TestInboxDraftWorkflow" name="test_submit_for_approval" time="9.004" /><testcase classname="backend.tests.test_phase2_phase3.TestInboxDraftWorkflow" name="test_approve_draft_admin_only" time="7.662" /><testcase classname="backend.tests.test_phase2_phase3.TestSchoolPrograms" name="test_list_programs" time="0.109" /><testcase classname="backend.tests.test_phase2_phase3.TestSchoolPrograms" name="test_create_program" time="0.234" /><testcase classname="backend.tests.test_phase2_phase3.TestSchoolPrograms" name="test_update_program" time="0.313" /><testcase classname="backend.tests.test_phase2_phase3.TestSchoolCohorts" name="test_list_cohorts_with_enrichment" time="0.103" /><testcase classname="backend.tests.test_phase2_phase3.TestSchoolCohorts" name="test_create_cohort" time="0.456" /><testcase classname="backend.tests.test_phase2_phase3.TestSchoolMembers" name="test_list_members" time="0.576" /><testcase classname="backend.tests.test_phase2_phase3.TestSchoolMembers" name="test_add_member" time="0.657" /><testcase classname="backend.tests.test_phase2_phase3.TestSchoolMembers" name="test_add_duplicate_member_fails" time="0.636" /><testcase classname="backend.tests.test_phase2_phase3.TestSchoolMembers" name="test_remove_member" time="0.655" /><testcase classname="backend.tests.test_phase2_phase3.TestSchoolMaterials" name="test_list_materials_admin" time="0.101" /><testcase classname="backend.tests.test_phase2_phase3.TestSchoolJourney" name="test_list_journey_templates" time="0.124" /><testcase classname="backend.tests.test_phase2_phase3.TestSchoolJourney" name="test_journey_progress_with_templates" time="0.111" /><testcase classname="backend.tests.test_phase2_phase3.TestSchoolJourney" name="test_update_step_progress" time="0.228" /><testcase classname="backend.tests.test_phase2_phase3.TestSchoolAssistant" name="test_assistant_query" time="5.264" /><testcase classname="backend.tests.test_phase2_phase3.TestSchoolAssistant" name="test_assistant_query_empty_fails" time="0.138" /><testcase classname="backend.tests.test_phase2_phase3.TestAccessControl" name="test_inbox_requires_admin_editor" time="0.460" /><testcase classname="backend.tests.test_phase2_phase3.TestAccessControl" name="test_programs_readable_by_all" time="0.457" /></testsuite></testsuites>