<?xml version="1.0" encoding="utf-8"?><testsuites name="pytest tests"><testsuite name="pytest" errors="0" failures="0" skipped="0" tests="16" time="2.784" timestamp="2026-03-06T12:28:15.674630+00:00" hostname="agent-env-8aaadda8-8ed7-46ab-99a0-b556ddb7c14e"><testcase classname="backend.tests.test_studio_refactor.TestDashboardStats" name="test_dashboard_stats_returns_200" time="0.460" /><testcase classname="backend.tests.test_studio_refactor.TestDashboardStats" name="test_dashboard_stats_has_campaign_pipeline" time="0.108" /><testcase classname="backend.tests.test_studio_refactor.TestDashboardStats" name="test_dashboard_stats_has_recent_campaigns" time="0.118" /><testcase classname="backend.tests.test_studio_refactor.TestDashboardStats" name="test_dashboard_stats_has_active_campaigns" time="0.113" /><testcase classname="backend.tests.test_studio_refactor.TestCampaignsAPI" name="test_campaigns_list_returns_200" time="0.113" /><testcase classname="backend.tests.test_studio_refactor.TestCampaignsAPI" name="test_campaigns_list_has_post_counts" time="0.111" /><testcase classname="backend.tests.test_studio_refactor.TestCampaignsAPI" name="test_campaigns_list_has_course_title" time="0.116" /><testcase classname="backend.tests.test_studio_refactor.TestCampaignsAPI" name="test_campaigns_list_has_type_field" time="0.132" /><testcase classname="backend.tests.test_studio_refactor.TestCampaignsAPI" name="test_campaign_get_single_enriched" time="0.224" /><testcase classname="backend.tests.test_studio_refactor.TestSaveNotesAPI" name="test_save_notes_returns_200" time="0.292" /><testcase classname="backend.tests.test_studio_refactor.TestSaveNotesAPI" name="test_save_notes_empty_fails" time="0.243" /><testcase classname="backend.tests.test_studio_refactor.TestWorkflowSupportAPIs" name="test_courses_list_returns_200" time="0.104" /><testcase classname="backend.tests.test_studio_refactor.TestWorkflowSupportAPIs" name="test_profiles_list_returns_200" time="0.098" /><testcase classname="backend.tests.test_studio_refactor.TestWorkflowSupportAPIs" name="test_rules_list_returns_200" time="0.165" /><testcase classname="backend.tests.test_studio_refactor.TestWorkflowSupportAPIs" name="test_agents_list_returns_200" time="0.115" /><testcase classname="backend.tests.test_studio_refactor.TestWorkflowSupportAPIs" name="test_posts_by_campaign_returns_200" time="0.219" /></testsuite></testsuites>