<?xml version="1.0" encoding="utf-8"?><testsuites name="pytest tests"><testsuite name="pytest" errors="0" failures="0" skipped="0" tests="16" time="7.446" timestamp="2026-07-04T20:32:00.489367+00:00" hostname="agent-env-8aaadda8-8ed7-46ab-99a0-b556ddb7c14e"><testcase classname="backend.tests.test_real_content_migration.TestRealContentMigration" name="test_training_courses_returns_exactly_7_courses" time="0.567" /><testcase classname="backend.tests.test_real_content_migration.TestRealContentMigration" name="test_training_courses_has_3_icf_courses" time="0.426" /><testcase classname="backend.tests.test_real_content_migration.TestRealContentMigration" name="test_training_courses_has_4_enrichment_courses" time="0.439" /><testcase classname="backend.tests.test_real_content_migration.TestRealContentMigration" name="test_training_courses_no_events_mixed_in" time="0.450" /><testcase classname="backend.tests.test_real_content_migration.TestRealContentMigration" name="test_core_coaching_detail_title" time="0.427" /><testcase classname="backend.tests.test_real_content_migration.TestRealContentMigration" name="test_core_coaching_detail_subtitle" time="0.436" /><testcase classname="backend.tests.test_real_content_migration.TestRealContentMigration" name="test_core_coaching_detail_price" time="0.436" /><testcase classname="backend.tests.test_real_content_migration.TestRealContentMigration" name="test_core_coaching_detail_trainers" time="0.428" /><testcase classname="backend.tests.test_real_content_migration.TestRealContentMigration" name="test_core_coaching_detail_prerequisites" time="0.448" /><testcase classname="backend.tests.test_real_content_migration.TestRealContentMigration" name="test_core_coaching_detail_next_edition" time="0.441" /><testcase classname="backend.tests.test_real_content_migration.TestRealContentMigration" name="test_events_returns_3_real_events" time="0.442" /><testcase classname="backend.tests.test_real_content_migration.TestRealContentMigration" name="test_events_has_core_quadrant_pro_training" time="0.459" /><testcase classname="backend.tests.test_real_content_migration.TestRealContentMigration" name="test_events_has_webinar_demo" time="0.428" /><testcase classname="backend.tests.test_real_content_migration.TestRealContentMigration" name="test_events_has_aperitivo_coaching" time="0.437" /><testcase classname="backend.tests.test_real_content_migration.TestRealContentMigration" name="test_trainers_arianna_perrone_in_courses" time="0.672" /><testcase classname="backend.tests.test_real_content_migration.TestRealContentMigration" name="test_trainers_emanuele_ciccarelli_in_courses" time="0.440" /></testsuite></testsuites>