<?xml version="1.0" encoding="utf-8"?><testsuites name="pytest tests"><testsuite name="pytest" errors="0" failures="0" skipped="0" tests="13" time="5.593" timestamp="2026-03-05T22:19:01.939553+00:00" hostname="agent-env-8701eb9a-42a7-4898-bdae-d76d6170c0c6"><testcase classname="tests.test_batch4_features.TestAuth" name="test_admin_login" time="0.516" /><testcase classname="tests.test_batch4_features.TestFeedSeedSamples" name="test_seed_sample_posts" time="0.525" /><testcase classname="tests.test_batch4_features.TestFeedSeedSamples" name="test_feed_contains_trainer_posts" time="0.152" /><testcase classname="tests.test_batch4_features.TestBannerSeedSamples" name="test_seed_sample_banners" time="0.503" /><testcase classname="tests.test_batch4_features.TestBannerSeedSamples" name="test_banners_have_images" time="0.123" /><testcase classname="tests.test_batch4_features.TestPostImageUpload" name="test_upload_image_endpoint_exists" time="0.777" /><testcase classname="tests.test_batch4_features.TestPostImageUpload" name="test_delete_post_image" time="0.116" /><testcase classname="tests.test_batch4_features.TestUploadsServing" name="test_uploads_subdir_endpoint_exists" time="0.532" /><testcase classname="tests.test_batch4_features.TestSchoolCatalog" name="test_catalog_returns_courses" time="0.514" /><testcase classname="tests.test_batch4_features.TestDashboardStats" name="test_dashboard_stats_include_all_fields" time="0.468" /><testcase classname="tests.test_batch4_features.TestCommunityDashboard" name="test_dashboard_includes_banners" time="0.467" /><testcase classname="tests.test_batch4_features.TestCommunityDashboard" name="test_dashboard_includes_recent_posts" time="0.131" /><testcase classname="tests.test_batch4_features.TestCleanup" name="test_cleanup_test_campaigns" time="0.701" /></testsuite></testsuites>