<?xml version="1.0" encoding="utf-8"?><testsuites name="pytest tests"><testsuite name="pytest" errors="0" failures="0" skipped="0" tests="17" time="24.422" timestamp="2026-03-06T00:17:00.997906+00:00" hostname="agent-env-e6ad6ada-1826-44b9-ae2c-73bf1640dfb9"><testcase classname="tests.test_media_images.TestMediaAssets" name="test_list_media_assets" time="0.640" /><testcase classname="tests.test_media_images.TestMediaAssets" name="test_upload_media_asset" time="0.177" /><testcase classname="tests.test_media_images.TestMediaAssets" name="test_public_url_accessible" time="0.222" /><testcase classname="tests.test_media_images.TestMediaAssets" name="test_upload_asset_with_auto_process" time="0.118" /><testcase classname="tests.test_media_images.TestRepositoryImages" name="test_upload_repository_image" time="0.122" /><testcase classname="tests.test_media_images.TestRepositoryImages" name="test_index_repository_images" time="0.067" /><testcase classname="tests.test_media_images.TestRepositoryImages" name="test_list_repository_images" time="0.069" /><testcase classname="tests.test_media_images.TestRepositoryImages" name="test_import_repository_image" time="0.135" /><testcase classname="tests.test_media_images.TestAIGeneration" name="test_generate_ai_image_starts_job" time="0.066" /><testcase classname="tests.test_media_images.TestMediaProcessing" name="test_process_assets" time="20.179" /><testcase classname="tests.test_media_images.TestMediaProcessing" name="test_get_job_status" time="0.194" /><testcase classname="tests.test_media_images.TestImageAssignments" name="test_list_assignments" time="0.056" /><testcase classname="tests.test_media_images.TestImageAssignments" name="test_list_assignments_by_campaign" time="0.112" /><testcase classname="tests.test_media_images.TestBufferIntegration" name="test_buffer_profiles_endpoint" time="0.860" /><testcase classname="tests.test_media_images.TestBufferIntegration" name="test_buffer_profiles_without_crash" time="0.775" /><testcase classname="tests.test_media_images.TestExportWithMedia" name="test_export_csv_includes_media_fields" time="0.315" /><testcase classname="tests.test_media_images.TestExportWithMedia" name="test_export_json_includes_media_fields" time="0.228" /></testsuite></testsuites>